# JRE version: OpenJDK Runtime Environment (8.0_112-b06) (build 1.8.0_112-release-b06)
# Java VM: OpenJDK 64-Bit Server VM (25.112-b06 mixed mode linux-amd64 compressed oops)
Heap:
 def new generation   total 92224K, used 92219K [0x00000000a0000000, 0x00000000a6410000, 0x00000000c0000000)
  eden space 81984K,  99% used [0x00000000a0000000, 0x00000000a500efd0, 0x00000000a5010000)
  from space 10240K,  99% used [0x00000000a5a10000, 0x00000000a640fff8, 0x00000000a6410000)
  to   space 10240K, 100% used [0x00000000a5010000, 0x00000000a5a10000, 0x00000000a5a10000)
 tenured generation   total 204644K, used 133354K [0x00000000c0000000, 0x00000000cc7d9000, 0x0000000100000000)
   the space 204644K,  65% used [0x00000000c0000000, 0x00000000c823a970, 0x00000000c823aa00, 0x00000000cc7d9000)
 Metaspace       used 77648K, capacity 84288K, committed 84988K, reserved 1124352K
  class space    used 9553K, capacity 10277K, committed 10492K, reserved 1048576K
GC Heap History (10 events):
Event: 8194,274 GC heap after
Heap after GC invocations=317 (full 32):
 def new generation   total 92224K, used 2588K [0x00000000a0000000, 0x00000000a6410000, 0x00000000c0000000)
  eden space 81984K,   0% used [0x00000000a0000000, 0x00000000a0000000, 0x00000000a5010000)
  from space 10240K,  25% used [0x00000000a5a10000, 0x00000000a5c971b0, 0x00000000a6410000)
  to   space 10240K,   0% used [0x00000000a5010000, 0x00000000a5010000, 0x00000000a5a10000)
 tenured generation   total 204644K, used 197393K [0x00000000c0000000, 0x00000000cc7d9000, 0x0000000100000000)
   the space 204644K,  96% used [0x00000000c0000000, 0x00000000cc0c4620, 0x00000000cc0c4800, 0x00000000cc7d9000)
 Metaspace       used 78051K, capacity 84696K, committed 84988K, reserved 1124352K
  class space    used 9601K, capacity 10349K, committed 10492K, reserved 1048576K
}
Event: 8196,044 GC heap before
{Heap before GC invocations=317 (full 32):
 def new generation   total 92224K, used 84572K [0x00000000a0000000, 0x00000000a6410000, 0x00000000c0000000)
  eden space 81984K, 100% used [0x00000000a0000000, 0x00000000a5010000, 0x00000000a5010000)
  from space 10240K,  25% used [0x00000000a5a10000, 0x00000000a5c971b0, 0x00000000a6410000)
  to   space 10240K,   0% used [0x00000000a5010000, 0x00000000a5010000, 0x00000000a5a10000)
 tenured generation   total 204644K, used 197393K [0x00000000c0000000, 0x00000000cc7d9000, 0x0000000100000000)
   the space 204644K,  96% used [0x00000000c0000000, 0x00000000cc0c4620, 0x00000000cc0c4800, 0x00000000cc7d9000)
 Metaspace       used 78058K, capacity 84760K, committed 84988K, reserved 1124352K
  class space    used 9601K, capacity 10349K, committed 10492K, reserved 1048576K
Event: 8196,168 GC heap after
Heap after GC invocations=318 (full 32):
 def new generation   total 92224K, used 10240K [0x00000000a0000000, 0x00000000a6410000, 0x00000000c0000000)
  eden space 81984K,   0% used [0x00000000a0000000, 0x00000000a0000000, 0x00000000a5010000)
  from space 10240K, 100% used [0x00000000a5010000, 0x00000000a5a10000, 0x00000000a5a10000)
  to   space 10240K,   0% used [0x00000000a5a10000, 0x00000000a5a10000, 0x00000000a6410000)
 tenured generation   total 204644K, used 201752K [0x00000000c0000000, 0x00000000cc7d9000, 0x0000000100000000)
   the space 204644K,  98% used [0x00000000c0000000, 0x00000000cc506138, 0x00000000cc506200, 0x00000000cc7d9000)
 Metaspace       used 78058K, capacity 84760K, committed 84988K, reserved 1124352K
  class space    used 9601K, capacity 10349K, committed 10492K, reserved 1048576K
}
Event: 8197,129 GC heap before
{Heap before GC invocations=318 (full 32):
 def new generation   total 92224K, used 92224K [0x00000000a0000000, 0x00000000a6410000, 0x00000000c0000000)
  eden space 81984K, 100% used [0x00000000a0000000, 0x00000000a5010000, 0x00000000a5010000)
  from space 10240K, 100% used [0x00000000a5010000, 0x00000000a5a10000, 0x00000000a5a10000)
  to   space 10240K,   0% used [0x00000000a5a10000, 0x00000000a5a10000, 0x00000000a6410000)
 tenured generation   total 204644K, used 201752K [0x00000000c0000000, 0x00000000cc7d9000, 0x0000000100000000)
   the space 204644K,  98% used [0x00000000c0000000, 0x00000000cc506138, 0x00000000cc506200, 0x00000000cc7d9000)
 Metaspace       used 78058K, capacity 84760K, committed 84988K, reserved 1124352K
  class space    used 9601K, capacity 10349K, committed 10492K, reserved 1048576K
Event: 8198,993 GC heap after
Heap after GC invocations=319 (full 33):
 def new generation   total 92224K, used 0K [0x00000000a0000000, 0x00000000a6410000, 0x00000000c0000000)
  eden space 81984K,   0% used [0x00000000a0000000, 0x00000000a0000000, 0x00000000a5010000)
  from space 10240K,   0% used [0x00000000a5a10000, 0x00000000a5a10000, 0x00000000a6410000)
  to   space 10240K,   0% used [0x00000000a5010000, 0x00000000a5010000, 0x00000000a5a10000)
 tenured generation   total 204644K, used 87796K [0x00000000c0000000, 0x00000000cc7d9000, 0x0000000100000000)
   the space 204644K,  42% used [0x00000000c0000000, 0x00000000c55bd178, 0x00000000c55bd200, 0x00000000cc7d9000)
 Metaspace       used 77647K, capacity 84288K, committed 84988K, reserved 1124352K
  class space    used 9553K, capacity 10277K, committed 10492K, reserved 1048576K
}
Event: 8200,583 GC heap before
{Heap before GC invocations=319 (full 33):
 def new generation   total 92224K, used 81984K [0x00000000a0000000, 0x00000000a6410000, 0x00000000c0000000)
  eden space 81984K, 100% used [0x00000000a0000000, 0x00000000a5010000, 0x00000000a5010000)
  from space 10240K,   0% used [0x00000000a5a10000, 0x00000000a5a10000, 0x00000000a6410000)
  to   space 10240K,   0% used [0x00000000a5010000, 0x00000000a5010000, 0x00000000a5a10000)
 tenured generation   total 204644K, used 87796K [0x00000000c0000000, 0x00000000cc7d9000, 0x0000000100000000)
   the space 204644K,  42% used [0x00000000c0000000, 0x00000000c55bd178, 0x00000000c55bd200, 0x00000000cc7d9000)
 Metaspace       used 77648K, capacity 84288K, committed 84988K, reserved 1124352K
  class space    used 9553K, capacity 10277K, committed 10492K, reserved 1048576K
Event: 8200,825 GC heap after
Heap after GC invocations=320 (full 33):
 def new generation   total 92224K, used 10239K [0x00000000a0000000, 0x00000000a6410000, 0x00000000c0000000)
  eden space 81984K,   0% used [0x00000000a0000000, 0x00000000a0000000, 0x00000000a5010000)
  from space 10240K,  99% used [0x00000000a5010000, 0x00000000a5a0fff8, 0x00000000a5a10000)
  to   space 10240K,   0% used [0x00000000a5a10000, 0x00000000a5a10000, 0x00000000a6410000)
 tenured generation   total 204644K, used 105879K [0x00000000c0000000, 0x00000000cc7d9000, 0x0000000100000000)
   the space 204644K,  51% used [0x00000000c0000000, 0x00000000c6765dc0, 0x00000000c6765e00, 0x00000000cc7d9000)
 Metaspace       used 77648K, capacity 84288K, committed 84988K, reserved 1124352K
  class space    used 9553K, capacity 10277K, committed 10492K, reserved 1048576K
}
Event: 8202,488 GC heap before
{Heap before GC invocations=320 (full 33):
 def new generation   total 92224K, used 92223K [0x00000000a0000000, 0x00000000a6410000, 0x00000000c0000000)
  eden space 81984K, 100% used [0x00000000a0000000, 0x00000000a5010000, 0x00000000a5010000)
  from space 10240K,  99% used [0x00000000a5010000, 0x00000000a5a0fff8, 0x00000000a5a10000)
  to   space 10240K,   0% used [0x00000000a5a10000, 0x00000000a5a10000, 0x00000000a6410000)
 tenured generation   total 204644K, used 105879K [0x00000000c0000000, 0x00000000cc7d9000, 0x0000000100000000)
   the space 204644K,  51% used [0x00000000c0000000, 0x00000000c6765dc0, 0x00000000c6765e00, 0x00000000cc7d9000)
 Metaspace       used 77648K, capacity 84288K, committed 84988K, reserved 1124352K
  class space    used 9553K, capacity 10277K, committed 10492K, reserved 1048576K
Event: 8202,707 GC heap after
Heap after GC invocations=321 (full 33):
 def new generation   total 92224K, used 10239K [0x00000000a0000000, 0x00000000a6410000, 0x00000000c0000000)
  eden space 81984K,   0% used [0x00000000a0000000, 0x00000000a0000000, 0x00000000a5010000)
  from space 10240K,  99% used [0x00000000a5a10000, 0x00000000a640fff8, 0x00000000a6410000)
  to   space 10240K,   0% used [0x00000000a5010000, 0x00000000a5010000, 0x00000000a5a10000)
 tenured generation   total 204644K, used 125481K [0x00000000c0000000, 0x00000000cc7d9000, 0x0000000100000000)
   the space 204644K,  61% used [0x00000000c0000000, 0x00000000c7a8a778, 0x00000000c7a8a800, 0x00000000cc7d9000)
 Metaspace       used 77648K, capacity 84288K, committed 84988K, reserved 1124352K
  class space    used 9553K, capacity 10277K, committed 10492K, reserved 1048576K
}
Event: 8205,192 GC heap before
{Heap before GC invocations=321 (full 33):
 def new generation   total 92224K, used 92219K [0x00000000a0000000, 0x00000000a6410000, 0x00000000c0000000)
  eden space 81984K,  99% used [0x00000000a0000000, 0x00000000a500efd0, 0x00000000a5010000)
  from space 10240K,  99% used [0x00000000a5a10000, 0x00000000a640fff8, 0x00000000a6410000)
  to   space 10240K,   0% used [0x00000000a5010000, 0x00000000a5010000, 0x00000000a5a10000)
 tenured generation   total 204644K, used 125481K [0x00000000c0000000, 0x00000000cc7d9000, 0x0000000100000000)
   the space 204644K,  61% used [0x00000000c0000000, 0x00000000c7a8a778, 0x00000000c7a8a800, 0x00000000cc7d9000)
 Metaspace       used 77648K, capacity 84288K, committed 84988K, reserved 1124352K
  class space    used 9553K, capacity 10277K, committed 10492K, reserved 1048576K

